2026-04-18 22:48:23,579 [INFO] Map: 20 nodes, 50 edges
2026-04-18 22:48:23,581 [INFO] R0: 0\u219219 path=[0, 1, 2, 6, 10, 11, 15, 19]
2026-04-18 22:48:23,582 [INFO] R1: 1\u219218 path=[1, 5, 9, 10, 14, 18]
2026-04-18 22:48:23,583 [INFO] R2: 2\u219217 path=[2, 6, 10, 9, 13, 17]
2026-04-18 22:48:23,583 [INFO] R3: 3\u219216 path=[3, 2, 1, 5, 9, 13, 12, 16]
2026-04-18 22:48:23,583 [INFO] R4: 4\u219215 path=[4, 5, 6, 7, 11, 15]
2026-04-18 22:48:23,584 [INFO] R5: 5\u219214 path=[5, 6, 10, 14]
2026-04-18 22:48:23,584 [INFO] R6: 6\u219213 path=[6, 5, 9, 13]
2026-04-18 22:48:23,585 [INFO] R7: 7\u219212 path=[7, 6, 5, 9, 8, 12]
2026-04-18 22:48:23,588 [INFO] Step 50: done=0 deadlocks=0
2026-04-18 22:50:14,806 [INFO] Map: 20 nodes, 50 edges
2026-04-18 22:50:14,807 [INFO] R0: 0\u219219 path=[0, 1, 2, 6, 10, 11, 15, 19]
2026-04-18 22:50:14,808 [INFO] R1: 1\u219218 path=[1, 5, 9, 10, 14, 18]
2026-04-18 22:50:14,808 [INFO] R2: 2\u219217 path=[2, 6, 10, 9, 13, 17]
2026-04-18 22:50:14,808 [INFO] R3: 3\u219216 path=[3, 2, 1, 5, 9, 13, 12, 16]
2026-04-18 22:50:14,808 [INFO] R4: 4\u219215 path=[4, 5, 6, 7, 11, 15]
2026-04-18 22:50:14,809 [INFO] R5: 5\u219214 path=[5, 6, 10, 14]
2026-04-18 22:50:14,809 [INFO] R6: 6\u219213 path=[6, 5, 9, 13]
2026-04-18 22:50:14,809 [INFO] R7: 7\u219212 path=[7, 6, 5, 9, 8, 12]
2026-04-18 22:50:14,816 [INFO] Step 50: done=0 deadlocks=0
2026-04-18 22:50:14,821 [INFO] Step 100: done=0 deadlocks=0
2026-04-18 22:50:14,825 [INFO] Step 150: done=0 deadlocks=0
2026-04-18 22:50:14,829 [INFO] Step 200: done=0 deadlocks=0
2026-04-18 22:53:37,586 [INFO] Map: 20 nodes, 50 edges
2026-04-18 22:53:37,588 [INFO] R0: 0\u219219 path=[0, 1, 2, 6, 10, 11, 15, 19]
2026-04-18 22:53:37,588 [INFO] R1: 1\u219218 path=[1, 5, 9, 10, 14, 18]
2026-04-18 22:53:37,588 [INFO] R2: 2\u219217 path=[2, 6, 10, 9, 13, 17]
2026-04-18 22:53:37,588 [INFO] R3: 3\u219216 path=[3, 2, 1, 5, 9, 13, 12, 16]
2026-04-18 22:53:37,588 [INFO] R4: 4\u219215 path=[4, 5, 6, 7, 11, 15]
2026-04-18 22:53:37,589 [INFO] R5: 5\u219214 path=[5, 6, 10, 14]
2026-04-18 22:53:37,589 [INFO] R6: 6\u219213 path=[6, 5, 9, 13]
2026-04-18 22:53:37,589 [INFO] R7: 7\u219212 path=[7, 6, 5, 9, 8, 12]
2026-04-18 22:53:37,596 [INFO] Step 50: done=0 deadlocks=0
2026-04-18 22:55:52,623 [INFO] Map: 20 nodes, 50 edges
2026-04-18 22:55:52,626 [INFO] R0: 0\u219219 path=[0, 1, 2, 6, 10, 11, 15, 19]
2026-04-18 22:55:52,627 [INFO] R1: 1\u219218 path=[1, 5, 9, 10, 14, 18]
2026-04-18 22:55:52,627 [INFO] R2: 2\u219217 path=[2, 6, 10, 9, 13, 17]
2026-04-18 22:55:52,628 [INFO] R3: 3\u219216 path=[3, 2, 1, 5, 9, 13, 12, 16]
2026-04-18 22:55:52,628 [INFO] R4: 4\u219215 path=[4, 5, 6, 7, 11, 15]
2026-04-18 22:55:52,629 [INFO] R5: 5\u219214 path=[5, 6, 10, 14]
2026-04-18 22:55:52,629 [INFO] R6: 6\u219213 path=[6, 5, 9, 13]
2026-04-18 22:55:52,629 [INFO] R7: 7\u219212 path=[7, 6, 5, 9, 8, 12]
2026-04-18 22:55:52,641 [INFO] Step 50: done=0 deadlocks=0
2026-04-18 22:56:25,603 [INFO] Map: 20 nodes, 50 edges
2026-04-18 22:56:25,606 [INFO] R0: 0\u219219 path=[0, 1, 2, 6, 10, 11, 15, 19]
2026-04-18 22:56:25,607 [INFO] R1: 1\u219218 path=[1, 5, 9, 10, 14, 18]
2026-04-18 22:56:25,607 [INFO] R2: 2\u219217 path=[2, 6, 10, 9, 13, 17]
2026-04-18 22:56:25,608 [INFO] R3: 3\u219216 path=[3, 2, 1, 5, 9, 13, 12, 16]
2026-04-18 22:56:25,609 [INFO] R4: 4\u219215 path=[4, 5, 6, 7, 11, 15]
2026-04-18 22:56:25,609 [INFO] R5: 5\u219214 path=[5, 6, 10, 14]
2026-04-18 22:56:25,609 [INFO] R6: 6\u219213 path=[6, 5, 9, 13]
2026-04-18 22:56:25,609 [INFO] R7: 7\u219212 path=[7, 6, 5, 9, 8, 12]
2026-04-18 22:56:25,616 [INFO] Step 50: done=0 deadlocks=0
2026-04-18 22:56:25,621 [INFO] Step 100: done=0 deadlocks=0
2026-04-18 22:56:25,630 [INFO] Step 150: done=0 deadlocks=0
2026-04-18 22:56:25,638 [INFO] Step 200: done=0 deadlocks=0
2026-04-18 22:56:25,645 [INFO] Step 250: done=0 deadlocks=0
2026-04-18 22:56:25,653 [INFO] Step 300: done=0 deadlocks=0
2026-04-18 22:56:25,660 [INFO] Step 350: done=0 deadlocks=0
2026-04-18 22:56:25,667 [INFO] Step 400: done=0 deadlocks=0
2026-04-18 22:56:25,677 [INFO] Step 450: done=0 deadlocks=0
2026-04-18 22:56:25,683 [INFO] Step 500: done=0 deadlocks=0
2026-04-18 22:58:35,170 [INFO] Map: 20 nodes, 50 edges
2026-04-18 22:58:35,172 [INFO] R0: 0\u219219 path=[0, 1, 2, 6, 10, 11, 15, 19]
2026-04-18 22:58:35,172 [INFO] R1: 1\u219218 path=[1, 5, 9, 10, 14, 18]
2026-04-18 22:58:35,173 [INFO] R2: 2\u219217 path=[2, 6, 10, 9, 13, 17]
2026-04-18 22:58:35,173 [INFO] R3: 3\u219216 path=[3, 2, 1, 5, 9, 13, 12, 16]
2026-04-18 22:58:35,174 [INFO] R4: 4\u219215 path=[4, 5, 6, 7, 11, 15]
2026-04-18 22:58:35,174 [INFO] R5: 5\u219214 path=[5, 6, 10, 14]
2026-04-18 22:58:35,174 [INFO] R6: 6\u219213 path=[6, 5, 9, 13]
2026-04-18 22:58:35,174 [INFO] R7: 7\u219212 path=[7, 6, 5, 9, 8, 12]
2026-04-18 22:58:35,181 [INFO] Step 50: done=0 deadlocks=0
2026-04-18 22:59:01,707 [INFO] Map: 20 nodes, 50 edges
2026-04-18 22:59:01,708 [INFO] R0: 0\u219219 path=[0, 1, 2, 6, 10, 11, 15, 19]
2026-04-18 22:59:01,709 [INFO] R1: 1\u219218 path=[1, 5, 9, 10, 14, 18]
2026-04-18 22:59:01,709 [INFO] R2: 2\u219217 path=[2, 6, 10, 9, 13, 17]
2026-04-18 22:59:01,709 [INFO] R3: 3\u219216 path=[3, 2, 1, 5, 9, 13, 12, 16]
2026-04-18 22:59:01,709 [INFO] R4: 4\u219215 path=[4, 5, 6, 7, 11, 15]
2026-04-18 22:59:01,710 [INFO] R5: 5\u219214 path=[5, 6, 10, 14]
2026-04-18 22:59:01,710 [INFO] R6: 6\u219213 path=[6, 5, 9, 13]
2026-04-18 22:59:01,710 [INFO] R7: 7\u219212 path=[7, 6, 5, 9, 8, 12]
2026-04-18 22:59:01,717 [INFO] Step 50: done=0 deadlocks=0
2026-04-18 22:59:01,731 [INFO] Step 100: done=0 deadlocks=0
2026-04-18 22:59:01,743 [INFO] Step 150: done=0 deadlocks=0
2026-04-18 22:59:01,750 [INFO] Step 200: done=0 deadlocks=0
2026-04-18 22:59:01,760 [INFO] Step 250: done=0 deadlocks=0
2026-04-18 22:59:01,771 [INFO] Step 300: done=0 deadlocks=0
2026-04-18 22:59:01,783 [INFO] Step 350: done=0 deadlocks=0
2026-04-18 22:59:01,799 [INFO] Step 400: done=0 deadlocks=0
2026-04-18 22:59:01,813 [INFO] Step 450: done=0 deadlocks=0
2026-04-18 22:59:01,826 [INFO] Step 500: done=0 deadlocks=0
2026-04-18 22:59:57,360 [INFO] Map: 20 nodes, 50 edges
2026-04-18 22:59:57,362 [INFO] R0: 0\u219219 path=[0, 1, 2, 6, 10, 11, 15, 19] start_delay=0
2026-04-18 22:59:57,362 [INFO] R1: 1\u219218 path=[1, 5, 9, 10, 14, 18] start_delay=5
2026-04-18 22:59:57,363 [INFO] R2: 2\u219217 path=[2, 6, 10, 9, 13, 17] start_delay=10
2026-04-18 22:59:57,363 [INFO] R3: 3\u219216 path=[3, 2, 1, 5, 9, 13, 12, 16] start_delay=15
2026-04-18 22:59:57,363 [INFO] R4: 4\u219215 path=[4, 5, 6, 7, 11, 15] start_delay=20
2026-04-18 22:59:57,364 [INFO] R5: 5\u219214 path=[5, 6, 10, 14] start_delay=25
2026-04-18 22:59:57,364 [INFO] R6: 6\u219213 path=[6, 5, 9, 13] start_delay=30
2026-04-18 22:59:57,364 [INFO] R7: 7\u219212 path=[7, 6, 5, 9, 8, 12] start_delay=35
2026-04-18 22:59:57,375 [INFO] Step 50: done=0 deadlocks=0
2026-04-18 22:59:57,387 [INFO] Step 100: done=5 deadlocks=0
2026-04-18 22:59:57,389 [INFO] All done at step 119
2026-04-18 23:00:30,763 [INFO] Map: 20 nodes, 50 edges
2026-04-18 23:00:30,764 [INFO] R0: 0\u219219 path=[0, 1, 2, 6, 10, 11, 15, 19] start_delay=0
2026-04-18 23:00:30,765 [INFO] R1: 1\u219218 path=[1, 5, 9, 10, 14, 18] start_delay=5
2026-04-18 23:00:30,765 [INFO] R2: 2\u219217 path=[2, 6, 10, 9, 13, 17] start_delay=10
2026-04-18 23:00:30,765 [INFO] R3: 3\u219216 path=[3, 2, 1, 5, 9, 13, 12, 16] start_delay=15
2026-04-18 23:00:30,765 [INFO] R4: 4\u219215 path=[4, 5, 6, 7, 11, 15] start_delay=20
2026-04-18 23:00:30,765 [INFO] R5: 5\u219214 path=[5, 6, 10, 14] start_delay=25
2026-04-18 23:00:30,766 [INFO] R6: 6\u219213 path=[6, 5, 9, 13] start_delay=30
2026-04-18 23:00:30,766 [INFO] R7: 7\u219212 path=[7, 6, 5, 9, 8, 12] start_delay=35
2026-04-18 23:00:30,778 [INFO] Step 50: done=0 deadlocks=0
2026-04-18 23:00:30,789 [INFO] Step 100: done=5 deadlocks=0
2026-04-18 23:00:30,790 [INFO] All done at step 119
2026-04-18 23:01:00,565 [INFO] Map: 20 nodes, 50 edges
2026-04-18 23:01:00,567 [INFO] R0: 0\u219219 path=[0, 1, 2, 6, 10, 11, 15, 19] start_delay=0
2026-04-18 23:01:00,568 [INFO] R1: 1\u219218 path=[1, 5, 9, 10, 14, 18] start_delay=5
2026-04-18 23:01:00,568 [INFO] R2: 2\u219217 path=[2, 6, 10, 9, 13, 17] start_delay=10
2026-04-18 23:01:00,569 [INFO] R3: 3\u219216 path=[3, 2, 1, 5, 9, 13, 12, 16] start_delay=15
2026-04-18 23:01:00,569 [INFO] R4: 4\u219215 path=[4, 5, 6, 7, 11, 15] start_delay=20
2026-04-18 23:01:00,570 [INFO] R5: 5\u219214 path=[5, 6, 10, 14] start_delay=25
2026-04-18 23:01:00,570 [INFO] R6: 6\u219213 path=[6, 5, 9, 13] start_delay=30
2026-04-18 23:01:00,570 [INFO] R7: 7\u219212 path=[7, 6, 5, 9, 8, 12] start_delay=35
2026-04-18 23:01:00,580 [INFO] Step 50: done=0 deadlocks=0
2026-04-18 23:04:31,828 [INFO] Map: 20 nodes, 50 edges
2026-04-18 23:04:31,828 [INFO] R0: 0\u219219 path=[0, 1, 2, 6, 10, 11, 15, 19] start_delay=0
2026-04-18 23:04:31,829 [INFO] R1: 1\u219218 path=[1, 5, 9, 10, 14, 18] start_delay=5
2026-04-18 23:04:31,829 [INFO] R2: 2\u219217 path=[2, 6, 10, 9, 13, 17] start_delay=10
2026-04-18 23:04:31,829 [INFO] R3: 3\u219216 path=[3, 2, 1, 5, 9, 13, 12, 16] start_delay=15
2026-04-18 23:04:31,829 [INFO] R4: 4\u219215 path=[4, 5, 6, 7, 11, 15] start_delay=20
2026-04-18 23:04:31,829 [INFO] R5: 5\u219214 path=[5, 6, 10, 14] start_delay=25
2026-04-18 23:04:31,829 [INFO] R6: 6\u219213 path=[6, 5, 9, 13] start_delay=30
2026-04-18 23:04:31,829 [INFO] R7: 7\u219212 path=[7, 6, 5, 9, 8, 12] start_delay=35
2026-04-18 23:04:31,832 [INFO] Step 50: done=0 deadlocks=0
2026-04-18 23:04:31,834 [INFO] Step 100: done=5 deadlocks=0
2026-04-18 23:04:31,834 [INFO] All done at step 119
2026-04-18 23:07:29,152 [INFO] Map: 20 nodes, 50 edges
2026-04-18 23:07:29,153 [INFO] R0: 0\u219219 path=[0, 1, 2, 6, 10, 11, 15, 19] start_delay=0
2026-04-18 23:07:29,153 [INFO] R1: 1\u219218 path=[1, 5, 9, 10, 14, 18] start_delay=5
2026-04-18 23:07:29,153 [INFO] R2: 2\u219217 path=[2, 6, 10, 9, 13, 17] start_delay=10
2026-04-18 23:07:29,153 [INFO] R3: 3\u219216 path=[3, 2, 1, 5, 9, 13, 12, 16] start_delay=15
2026-04-18 23:07:29,153 [INFO] R4: 4\u219215 path=[4, 5, 6, 7, 11, 15] start_delay=20
2026-04-18 23:07:29,154 [INFO] R5: 5\u219214 path=[5, 6, 10, 14] start_delay=25
2026-04-18 23:07:29,154 [INFO] R6: 6\u219213 path=[6, 5, 9, 13] start_delay=30
2026-04-18 23:07:29,154 [INFO] R7: 7\u219212 path=[7, 6, 5, 9, 8, 12] start_delay=35
2026-04-18 23:07:29,156 [INFO] Step 50: done=0 deadlocks=0
2026-04-18 23:08:05,597 [INFO] Map: 20 nodes, 50 edges
2026-04-18 23:08:05,597 [INFO] R0: 0\u219219 path=[0, 1, 2, 6, 10, 11, 15, 19] start_delay=0
2026-04-18 23:08:05,597 [INFO] R1: 1\u219218 path=[1, 5, 9, 10, 14, 18] start_delay=5
2026-04-18 23:08:05,597 [INFO] R2: 2\u219217 path=[2, 6, 10, 9, 13, 17] start_delay=10
2026-04-18 23:08:05,597 [INFO] R3: 3\u219216 path=[3, 2, 1, 5, 9, 13, 12, 16] start_delay=15
2026-04-18 23:08:05,597 [INFO] R4: 4\u219215 path=[4, 5, 6, 7, 11, 15] start_delay=20
2026-04-18 23:08:05,598 [INFO] R5: 5\u219214 path=[5, 6, 10, 14] start_delay=25
2026-04-18 23:08:05,598 [INFO] R6: 6\u219213 path=[6, 5, 9, 13] start_delay=30
2026-04-18 23:08:05,598 [INFO] R7: 7\u219212 path=[7, 6, 5, 9, 8, 12] start_delay=35
2026-04-18 23:08:05,599 [INFO] Step 50: done=0 deadlocks=0
2026-04-18 23:08:05,601 [INFO] Step 100: done=5 deadlocks=0
2026-04-18 23:08:05,601 [INFO] All done at step 119
2026-04-18 23:09:06,070 [INFO] Map: 20 nodes, 50 edges
2026-04-18 23:09:06,070 [INFO] R0: 0\u219219 path=[0, 1, 2, 6, 10, 11, 15, 19] start_delay=0
2026-04-18 23:09:06,070 [INFO] R1: 1\u219218 path=[1, 5, 9, 10, 14, 18] start_delay=5
2026-04-18 23:09:06,070 [INFO] R2: 2\u219217 path=[2, 6, 10, 9, 13, 17] start_delay=10
2026-04-18 23:09:06,071 [INFO] R3: 3\u219216 path=[3, 2, 1, 5, 9, 13, 12, 16] start_delay=15
2026-04-18 23:09:06,071 [INFO] R4: 4\u219215 path=[4, 5, 6, 7, 11, 15] start_delay=20
2026-04-18 23:09:06,071 [INFO] R5: 5\u219214 path=[5, 6, 10, 14] start_delay=25
2026-04-18 23:09:06,071 [INFO] R6: 6\u219213 path=[6, 5, 9, 13] start_delay=30
2026-04-18 23:09:06,071 [INFO] R7: 7\u219212 path=[7, 6, 5, 9, 8, 12] start_delay=35
2026-04-18 23:09:07,182 [INFO] Step 50: done=0 deadlocks=0
2026-04-18 23:09:08,003 [INFO] Step 100: done=5 deadlocks=0
2026-04-18 23:09:08,315 [INFO] All done at step 119
2026-04-18 23:11:11,871 [INFO] Map: 20 nodes, 50 edges
2026-04-18 23:11:11,872 [INFO] R0: 0\u219219 path=[0, 1, 2, 6, 10, 11, 15, 19] start_delay=0
2026-04-18 23:11:11,872 [INFO] R1: 1\u219218 path=[1, 5, 9, 10, 14, 18] start_delay=5
2026-04-18 23:11:11,872 [INFO] R2: 2\u219217 path=[2, 6, 10, 9, 13, 17] start_delay=10
2026-04-18 23:11:11,872 [INFO] R3: 3\u219216 path=[3, 2, 1, 5, 9, 13, 12, 16] start_delay=15
2026-04-18 23:11:11,872 [INFO] R4: 4\u219215 path=[4, 5, 6, 7, 11, 15] start_delay=20
2026-04-18 23:11:11,872 [INFO] R5: 5\u219214 path=[5, 6, 10, 14] start_delay=25
2026-04-18 23:11:11,872 [INFO] R6: 6\u219213 path=[6, 5, 9, 13] start_delay=30
2026-04-18 23:11:11,872 [INFO] R7: 7\u219212 path=[7, 6, 5, 9, 8, 12] start_delay=35
2026-04-18 23:11:11,874 [INFO] Step 50: done=0 deadlocks=0
2026-04-18 23:11:11,876 [INFO] Step 100: done=5 deadlocks=0
2026-04-18 23:11:11,876 [INFO] All done at step 119
2026-04-18 23:12:04,546 [INFO] Map: 20 nodes, 50 edges
2026-04-18 23:12:04,547 [INFO] R0: 0\u219219 path=[0, 1, 2, 6, 10, 11, 15, 19] start_delay=0
2026-04-18 23:12:04,547 [INFO] R1: 1\u219218 path=[1, 5, 9, 10, 14, 18] start_delay=5
2026-04-18 23:12:04,547 [INFO] R2: 2\u219217 path=[2, 6, 10, 9, 13, 17] start_delay=10
2026-04-18 23:12:04,547 [INFO] R3: 3\u219216 path=[3, 2, 1, 5, 9, 13, 12, 16] start_delay=15
2026-04-18 23:12:04,547 [INFO] R4: 4\u219215 path=[4, 5, 6, 7, 11, 15] start_delay=20
2026-04-18 23:12:04,547 [INFO] R5: 5\u219214 path=[5, 6, 10, 14] start_delay=25
2026-04-18 23:12:04,547 [INFO] R6: 6\u219213 path=[6, 5, 9, 13] start_delay=30
2026-04-18 23:12:04,547 [INFO] R7: 7\u219212 path=[7, 6, 5, 9, 8, 12] start_delay=35
2026-04-18 23:12:05,612 [INFO] Step 50: done=0 deadlocks=0
2026-04-18 23:12:06,448 [INFO] Step 100: done=5 deadlocks=0
2026-04-18 23:12:06,767 [INFO] All done at step 119
2026-04-18 23:27:16,962 [INFO] Map: 20 nodes, 50 edges
2026-04-18 23:27:16,962 [INFO] R0: 0\u219219 path=[0, 1, 2, 6, 10, 11, 15, 19] start_delay=0
2026-04-18 23:27:16,962 [INFO] R1: 1\u219218 path=[1, 5, 9, 10, 14, 18] start_delay=5
2026-04-18 23:27:16,962 [INFO] R2: 2\u219217 path=[2, 6, 10, 9, 13, 17] start_delay=10
2026-04-18 23:27:16,962 [INFO] R3: 3\u219216 path=[3, 2, 1, 5, 9, 13, 12, 16] start_delay=15
2026-04-18 23:27:16,962 [INFO] R4: 4\u219215 path=[4, 5, 6, 7, 11, 15] start_delay=20
2026-04-18 23:27:16,963 [INFO] R5: 5\u219214 path=[5, 6, 10, 14] start_delay=25
2026-04-18 23:27:16,963 [INFO] R6: 6\u219213 path=[6, 5, 9, 13] start_delay=30
2026-04-18 23:27:16,963 [INFO] R7: 7\u219212 path=[7, 6, 5, 9, 8, 12] start_delay=35
2026-04-18 23:27:18,001 [INFO] Step 50: done=0 deadlocks=0
2026-04-18 23:27:18,827 [INFO] Step 100: done=5 deadlocks=0
2026-04-18 23:27:19,139 [INFO] All done at step 119
2026-04-18 23:29:14,279 [INFO] Map: 20 nodes, 50 edges
2026-04-18 23:29:14,279 [INFO] R0: 0\u219219 path=[0, 1, 2, 6, 10, 11, 15, 19] start_delay=0
2026-04-18 23:29:14,280 [INFO] R1: 1\u219218 path=[1, 5, 9, 10, 14, 18] start_delay=5
2026-04-18 23:29:14,280 [INFO] R2: 2\u219217 path=[2, 6, 10, 9, 13, 17] start_delay=10
2026-04-18 23:29:14,280 [INFO] R3: 3\u219216 path=[3, 2, 1, 5, 9, 13, 12, 16] start_delay=15
2026-04-18 23:29:14,280 [INFO] R4: 4\u219215 path=[4, 5, 6, 7, 11, 15] start_delay=20
2026-04-18 23:29:14,280 [INFO] R5: 5\u219214 path=[5, 6, 10, 14] start_delay=25
2026-04-18 23:29:14,280 [INFO] R6: 6\u219213 path=[6, 5, 9, 13] start_delay=30
2026-04-18 23:29:14,280 [INFO] R7: 7\u219212 path=[7, 6, 5, 9, 8, 12] start_delay=35
2026-04-18 23:29:14,282 [INFO] Step 50: done=0 deadlocks=0
2026-04-18 23:29:35,337 [INFO] Map: 20 nodes, 50 edges
2026-04-18 23:29:35,338 [INFO] R0: 0\u219219 path=[0, 1, 2, 6, 10, 11, 15, 19] start_delay=0
2026-04-18 23:29:35,338 [INFO] R1: 1\u219218 path=[1, 5, 9, 10, 14, 18] start_delay=5
2026-04-18 23:29:35,338 [INFO] R2: 2\u219217 path=[2, 6, 10, 9, 13, 17] start_delay=10
2026-04-18 23:29:35,338 [INFO] R3: 3\u219216 path=[3, 2, 1, 5, 9, 13, 12, 16] start_delay=15
2026-04-18 23:29:35,338 [INFO] R4: 4\u219215 path=[4, 5, 6, 7, 11, 15] start_delay=20
2026-04-18 23:29:35,338 [INFO] R5: 5\u219214 path=[5, 6, 10, 14] start_delay=25
2026-04-18 23:29:35,338 [INFO] R6: 6\u219213 path=[6, 5, 9, 13] start_delay=30
2026-04-18 23:29:35,339 [INFO] R7: 7\u219212 path=[7, 6, 5, 9, 8, 12] start_delay=35
2026-04-18 23:29:36,501 [INFO] Step 50: done=0 deadlocks=0
2026-04-18 23:29:37,323 [INFO] Step 100: done=5 deadlocks=0
2026-04-18 23:29:37,634 [INFO] All done at step 119
2026-04-18 23:30:07,362 [INFO] Map: 20 nodes, 50 edges
2026-04-18 23:30:07,363 [INFO] R0: 0\u219219 path=[0, 1, 2, 6, 10, 11, 15, 19] start_delay=0
2026-04-18 23:30:07,363 [INFO] R1: 1\u219218 path=[1, 5, 9, 10, 14, 18] start_delay=5
2026-04-18 23:30:07,363 [INFO] R2: 2\u219217 path=[2, 6, 10, 9, 13, 17] start_delay=10
2026-04-18 23:30:07,363 [INFO] R3: 3\u219216 path=[3, 2, 1, 5, 9, 13, 12, 16] start_delay=15
2026-04-18 23:30:07,363 [INFO] R4: 4\u219215 path=[4, 5, 6, 7, 11, 15] start_delay=20
2026-04-18 23:30:07,363 [INFO] R5: 5\u219214 path=[5, 6, 10, 14] start_delay=25
2026-04-18 23:30:07,363 [INFO] R6: 6\u219213 path=[6, 5, 9, 13] start_delay=30
2026-04-18 23:30:07,363 [INFO] R7: 7\u219212 path=[7, 6, 5, 9, 8, 12] start_delay=35
2026-04-18 23:31:33,539 [INFO] Map: 20 nodes, 50 edges
2026-04-18 23:31:33,540 [INFO] R0: 0\u219219 path=[0, 1, 2, 6, 10, 11, 15, 19] start_delay=0
2026-04-18 23:31:33,540 [INFO] R1: 1\u219218 path=[1, 5, 9, 10, 14, 18] start_delay=5
2026-04-18 23:31:33,540 [INFO] R2: 2\u219217 path=[2, 6, 10, 9, 13, 17] start_delay=10
2026-04-18 23:31:33,540 [INFO] R3: 3\u219216 path=[3, 2, 1, 5, 9, 13, 12, 16] start_delay=15
2026-04-18 23:31:33,540 [INFO] R4: 4\u219215 path=[4, 5, 6, 7, 11, 15] start_delay=20
2026-04-18 23:31:33,540 [INFO] R5: 5\u219214 path=[5, 6, 10, 14] start_delay=25
2026-04-18 23:31:33,540 [INFO] R6: 6\u219213 path=[6, 5, 9, 13] start_delay=30
2026-04-18 23:31:33,540 [INFO] R7: 7\u219212 path=[7, 6, 5, 9, 8, 12] start_delay=35
2026-04-18 23:31:33,543 [INFO] Step 50: done=0 deadlocks=0
2026-04-18 23:40:59,232 [INFO] Map: 20 nodes, 50 edges
2026-04-18 23:40:59,232 [INFO] R0: 0\u219219 path=[0, 1, 2, 6, 10, 11, 15, 19] start_delay=0
2026-04-18 23:40:59,232 [INFO] R1: 1\u219218 path=[1, 5, 9, 10, 14, 18] start_delay=5
2026-04-18 23:40:59,233 [INFO] R2: 2\u219217 path=[2, 6, 10, 9, 13, 17] start_delay=10
2026-04-18 23:40:59,233 [INFO] R3: 3\u219216 path=[3, 2, 1, 5, 9, 13, 12, 16] start_delay=15
2026-04-18 23:40:59,233 [INFO] R4: 4\u219215 path=[4, 5, 6, 7, 11, 15] start_delay=20
2026-04-18 23:40:59,233 [INFO] R5: 5\u219214 path=[5, 6, 10, 14] start_delay=25
2026-04-18 23:40:59,233 [INFO] R6: 6\u219213 path=[6, 5, 9, 13] start_delay=30
2026-04-18 23:40:59,233 [INFO] R7: 7\u219212 path=[7, 6, 5, 9, 8, 12] start_delay=35
2026-04-18 23:40:59,234 [INFO] Step 50: done=0 deadlocks=0
2026-04-18 23:41:23,822 [INFO] Map: 20 nodes, 50 edges
2026-04-18 23:41:23,822 [INFO] R0: 0\u219219 path=[0, 1, 2, 6, 10, 11, 15, 19] start_delay=0
2026-04-18 23:41:23,823 [INFO] R1: 1\u219218 path=[1, 5, 9, 10, 14, 18] start_delay=5
2026-04-18 23:41:23,823 [INFO] R2: 2\u219217 path=[2, 6, 10, 9, 13, 17] start_delay=10
2026-04-18 23:41:23,823 [INFO] R3: 3\u219216 path=[3, 2, 1, 5, 9, 13, 12, 16] start_delay=15
2026-04-18 23:41:23,823 [INFO] R4: 4\u219215 path=[4, 5, 6, 7, 11, 15] start_delay=20
2026-04-18 23:41:23,823 [INFO] R5: 5\u219214 path=[5, 6, 10, 14] start_delay=25
2026-04-18 23:41:23,823 [INFO] R6: 6\u219213 path=[6, 5, 9, 13] start_delay=30
2026-04-18 23:41:23,823 [INFO] R7: 7\u219212 path=[7, 6, 5, 9, 8, 12] start_delay=35
2026-04-18 23:41:23,825 [INFO] Step 50: done=0 deadlocks=0
2026-04-18 23:41:23,826 [INFO] Step 100: done=5 deadlocks=0
2026-04-18 23:41:23,826 [INFO] All done at step 119
2026-04-18 23:51:56,779 [INFO] Map: 20 nodes, 50 edges
2026-04-18 23:51:56,780 [INFO] R0: 0\u219219 path=[0, 1, 2, 6, 10, 11, 15, 19] start_delay=0
2026-04-18 23:51:56,780 [INFO] R1: 1\u219218 path=[1, 5, 9, 10, 14, 18] start_delay=5
2026-04-18 23:51:56,780 [INFO] R2: 2\u219217 path=[2, 6, 10, 9, 13, 17] start_delay=10
2026-04-18 23:51:56,780 [INFO] R3: 3\u219216 path=[3, 2, 1, 5, 9, 13, 12, 16] start_delay=15
2026-04-18 23:51:56,780 [INFO] R4: 4\u219215 path=[4, 5, 6, 7, 11, 15] start_delay=20
2026-04-18 23:51:56,780 [INFO] R5: 5\u219214 path=[5, 6, 10, 14] start_delay=25
2026-04-18 23:51:56,780 [INFO] R6: 6\u219213 path=[6, 5, 9, 13] start_delay=30
2026-04-18 23:51:56,780 [INFO] R7: 7\u219212 path=[7, 6, 5, 9, 8, 12] start_delay=35
2026-04-18 23:52:13,144 [INFO] Step 50: done=0 deadlocks=0
2026-04-18 23:52:13,976 [INFO] Step 100: done=5 deadlocks=0
2026-04-18 23:52:14,294 [INFO] All done at step 119
2026-04-18 23:52:27,587 [INFO] Map: 20 nodes, 50 edges
2026-04-18 23:52:27,587 [INFO] R0: 0\u219219 path=[0, 1, 2, 6, 10, 11, 15, 19] start_delay=0
2026-04-18 23:52:27,587 [INFO] R1: 1\u219218 path=[1, 5, 9, 10, 14, 18] start_delay=5
2026-04-18 23:52:27,588 [INFO] R2: 2\u219217 path=[2, 6, 10, 9, 13, 17] start_delay=10
2026-04-18 23:52:27,588 [INFO] R3: 3\u219216 path=[3, 2, 1, 5, 9, 13, 12, 16] start_delay=15
2026-04-18 23:52:27,588 [INFO] R4: 4\u219215 path=[4, 5, 6, 7, 11, 15] start_delay=20
2026-04-18 23:52:27,588 [INFO] R5: 5\u219214 path=[5, 6, 10, 14] start_delay=25
2026-04-18 23:52:27,588 [INFO] R6: 6\u219213 path=[6, 5, 9, 13] start_delay=30
2026-04-18 23:52:27,588 [INFO] R7: 7\u219212 path=[7, 6, 5, 9, 8, 12] start_delay=35
2026-04-19 00:00:23,369 [INFO] Map: 20 nodes, 50 edges
2026-04-19 00:00:23,370 [INFO] R0: 0\u219219 path=[0, 1, 2, 6, 10, 11, 15, 19] start_delay=0
2026-04-19 00:00:23,370 [INFO] R1: 1\u219218 path=[1, 5, 9, 10, 14, 18] start_delay=5
2026-04-19 00:00:23,370 [INFO] R2: 2\u219217 path=[2, 6, 10, 9, 13, 17] start_delay=10
2026-04-19 00:00:23,370 [INFO] R3: 3\u219216 path=[3, 2, 1, 5, 9, 13, 12, 16] start_delay=15
2026-04-19 00:00:23,370 [INFO] R4: 4\u219215 path=[4, 5, 6, 7, 11, 15] start_delay=20
2026-04-19 00:00:23,370 [INFO] R5: 5\u219214 path=[5, 6, 10, 14] start_delay=25
2026-04-19 00:00:23,370 [INFO] R6: 6\u219213 path=[6, 5, 9, 13] start_delay=30
2026-04-19 00:00:23,370 [INFO] R7: 7\u219212 path=[7, 6, 5, 9, 8, 12] start_delay=35
2026-04-19 00:00:23,376 [INFO] Step 50: done=0 deadlocks=0
2026-04-19 00:00:42,452 [INFO] Map: 20 nodes, 50 edges
2026-04-19 00:00:42,452 [INFO] R0: 0\u219219 path=[0, 1, 2, 6, 10, 11, 15, 19] start_delay=0
2026-04-19 00:00:42,452 [INFO] R1: 1\u219218 path=[1, 5, 9, 10, 14, 18] start_delay=5
2026-04-19 00:00:42,452 [INFO] R2: 2\u219217 path=[2, 6, 10, 9, 13, 17] start_delay=10
2026-04-19 00:00:42,452 [INFO] R3: 3\u219216 path=[3, 2, 1, 5, 9, 13, 12, 16] start_delay=15
2026-04-19 00:00:42,452 [INFO] R4: 4\u219215 path=[4, 5, 6, 7, 11, 15] start_delay=20
2026-04-19 00:00:42,452 [INFO] R5: 5\u219214 path=[5, 6, 10, 14] start_delay=25
2026-04-19 00:00:42,452 [INFO] R6: 6\u219213 path=[6, 5, 9, 13] start_delay=30
2026-04-19 00:00:42,452 [INFO] R7: 7\u219212 path=[7, 6, 5, 9, 8, 12] start_delay=35
2026-04-19 00:00:42,455 [INFO] Step 50: done=0 deadlocks=0
2026-04-19 00:00:42,457 [INFO] Step 100: done=5 deadlocks=0
2026-04-19 00:00:42,457 [INFO] All done at step 119
2026-04-19 12:14:20,044 [INFO] Map: 20 nodes, 50 edges
2026-04-19 12:14:20,045 [INFO] R0: 0\u219219 path=[0, 1, 2, 6, 10, 11, 15, 19] start_delay=0
2026-04-19 12:14:20,045 [INFO] R1: 1\u219218 path=[1, 5, 9, 10, 14, 18] start_delay=5
2026-04-19 12:14:20,045 [INFO] R2: 2\u219217 path=[2, 6, 10, 9, 13, 17] start_delay=10
2026-04-19 12:14:20,045 [INFO] R3: 3\u219216 path=[3, 2, 1, 5, 9, 13, 12, 16] start_delay=15
2026-04-19 12:14:20,045 [INFO] R4: 4\u219215 path=[4, 5, 6, 7, 11, 15] start_delay=20
2026-04-19 12:14:20,045 [INFO] R5: 5\u219214 path=[5, 6, 10, 14] start_delay=25
2026-04-19 12:14:20,045 [INFO] R6: 6\u219213 path=[6, 5, 9, 13] start_delay=30
2026-04-19 12:14:20,045 [INFO] R7: 7\u219212 path=[7, 6, 5, 9, 8, 12] start_delay=35
2026-04-19 12:18:07,944 [INFO] Map: 20 nodes, 50 edges
2026-04-19 12:18:07,945 [INFO] R0: 0\u219219 path=[0, 1, 2, 6, 10, 11, 15, 19] start_delay=0
2026-04-19 12:18:07,945 [INFO] R1: 1\u219218 path=[1, 5, 9, 10, 14, 18] start_delay=5
2026-04-19 12:18:07,945 [INFO] R2: 2\u219217 path=[2, 6, 10, 9, 13, 17] start_delay=10
2026-04-19 12:18:07,945 [INFO] R3: 3\u219216 path=[3, 2, 1, 5, 9, 13, 12, 16] start_delay=15
2026-04-19 12:18:07,945 [INFO] R4: 4\u219215 path=[4, 5, 6, 7, 11, 15] start_delay=20
2026-04-19 12:18:07,945 [INFO] R5: 5\u219214 path=[5, 6, 10, 14] start_delay=25
2026-04-19 12:18:07,946 [INFO] R6: 6\u219213 path=[6, 5, 9, 13] start_delay=30
2026-04-19 12:18:07,946 [INFO] R7: 7\u219212 path=[7, 6, 5, 9, 8, 12] start_delay=35
2026-04-19 12:18:11,185 [INFO] Step 50: done=0 deadlocks=0
2026-04-19 12:18:12,018 [INFO] Step 100: done=5 deadlocks=0
2026-04-19 12:18:12,333 [INFO] All done at step 119
2026-04-19 12:20:14,654 [INFO] Map: 20 nodes, 50 edges
2026-04-19 12:20:14,655 [INFO] R0: 0\u219219 path=[0, 1, 2, 6, 10, 11, 15, 19] start_delay=0
2026-04-19 12:20:14,655 [INFO] R1: 1\u219218 path=[1, 5, 9, 10, 14, 18] start_delay=5
2026-04-19 12:20:14,655 [INFO] R2: 2\u219217 path=[2, 6, 10, 9, 13, 17] start_delay=10
2026-04-19 12:20:14,655 [INFO] R3: 3\u219216 path=[3, 2, 1, 5, 9, 13, 12, 16] start_delay=15
2026-04-19 12:20:14,656 [INFO] R4: 4\u219215 path=[4, 5, 6, 7, 11, 15] start_delay=20
2026-04-19 12:20:14,656 [INFO] R5: 5\u219214 path=[5, 6, 10, 14] start_delay=25
2026-04-19 12:20:14,656 [INFO] R6: 6\u219213 path=[6, 5, 9, 13] start_delay=30
2026-04-19 12:20:14,656 [INFO] R7: 7\u219212 path=[7, 6, 5, 9, 8, 12] start_delay=35
2026-04-19 12:23:17,160 [INFO] Map: 20 nodes, 50 edges
2026-04-19 12:23:17,161 [INFO] R0: 0\u219219 path=[0, 1, 2, 6, 10, 11, 15, 19] start_delay=0
2026-04-19 12:23:17,162 [INFO] R1: 1\u219218 path=[1, 5, 9, 10, 14, 18] start_delay=5
2026-04-19 12:23:17,162 [INFO] R2: 2\u219217 path=[2, 6, 10, 9, 13, 17] start_delay=10
2026-04-19 12:23:17,162 [INFO] R3: 3\u219216 path=[3, 2, 1, 5, 9, 13, 12, 16] start_delay=15
2026-04-19 12:23:17,162 [INFO] R4: 4\u219215 path=[4, 5, 6, 7, 11, 15] start_delay=20
2026-04-19 12:23:17,162 [INFO] R5: 5\u219214 path=[5, 6, 10, 14] start_delay=25
2026-04-19 12:23:17,162 [INFO] R6: 6\u219213 path=[6, 5, 9, 13] start_delay=30
2026-04-19 12:23:17,163 [INFO] R7: 7\u219212 path=[7, 6, 5, 9, 8, 12] start_delay=35
2026-04-19 12:23:17,166 [INFO] Step 50: done=0 deadlocks=0
2026-04-19 12:24:37,615 [INFO] Map: 20 nodes, 50 edges
2026-04-19 12:24:37,616 [INFO] R0: 0\u219219 path=[0, 1, 2, 6, 10, 11, 15, 19] start_delay=0
2026-04-19 12:24:37,616 [INFO] R1: 1\u219218 path=[1, 5, 9, 10, 14, 18] start_delay=5
2026-04-19 12:24:37,616 [INFO] R2: 2\u219217 path=[2, 6, 10, 9, 13, 17] start_delay=10
2026-04-19 12:24:37,616 [INFO] R3: 3\u219216 path=[3, 2, 1, 5, 9, 13, 12, 16] start_delay=15
2026-04-19 12:24:37,616 [INFO] R4: 4\u219215 path=[4, 5, 6, 7, 11, 15] start_delay=20
2026-04-19 12:24:37,617 [INFO] R5: 5\u219214 path=[5, 6, 10, 14] start_delay=25
2026-04-19 12:24:37,617 [INFO] R6: 6\u219213 path=[6, 5, 9, 13] start_delay=30
2026-04-19 12:24:37,617 [INFO] R7: 7\u219212 path=[7, 6, 5, 9, 8, 12] start_delay=35
2026-04-19 12:24:38,451 [INFO] Step 50: done=0 deadlocks=0
2026-04-19 12:24:39,276 [INFO] Step 100: done=5 deadlocks=0
2026-04-19 12:24:39,588 [INFO] All done at step 119
2026-04-19 12:24:57,344 [INFO] Map: 20 nodes, 50 edges
2026-04-19 12:24:57,344 [INFO] R0: 0\u219219 path=[0, 1, 2, 6, 10, 11, 15, 19] start_delay=0
2026-04-19 12:24:57,345 [INFO] R1: 1\u219218 path=[1, 5, 9, 10, 14, 18] start_delay=5
2026-04-19 12:24:57,345 [INFO] R2: 2\u219217 path=[2, 6, 10, 9, 13, 17] start_delay=10
2026-04-19 12:24:57,345 [INFO] R3: 3\u219216 path=[3, 2, 1, 5, 9, 13, 12, 16] start_delay=15
2026-04-19 12:24:57,345 [INFO] R4: 4\u219215 path=[4, 5, 6, 7, 11, 15] start_delay=20
2026-04-19 12:24:57,346 [INFO] R5: 5\u219214 path=[5, 6, 10, 14] start_delay=25
2026-04-19 12:24:57,346 [INFO] R6: 6\u219213 path=[6, 5, 9, 13] start_delay=30
2026-04-19 12:24:57,346 [INFO] R7: 7\u219212 path=[7, 6, 5, 9, 8, 12] start_delay=35
2026-04-19 12:27:39,873 [INFO] Map: 20 nodes, 50 edges
2026-04-19 12:27:39,874 [INFO] R0: 0\u219219 path=[0, 1, 2, 6, 10, 11, 15, 19] start_delay=0
2026-04-19 12:27:39,874 [INFO] R1: 1\u219218 path=[1, 5, 9, 10, 14, 18] start_delay=5
2026-04-19 12:27:39,874 [INFO] R2: 2\u219217 path=[2, 6, 10, 9, 13, 17] start_delay=10
2026-04-19 12:27:39,875 [INFO] R3: 3\u219216 path=[3, 2, 1, 5, 9, 13, 12, 16] start_delay=15
2026-04-19 12:27:39,875 [INFO] R4: 4\u219215 path=[4, 5, 6, 7, 11, 15] start_delay=20
2026-04-19 12:27:39,875 [INFO] R5: 5\u219214 path=[5, 6, 10, 14] start_delay=25
2026-04-19 12:27:39,875 [INFO] R6: 6\u219213 path=[6, 5, 9, 13] start_delay=30
2026-04-19 12:27:39,875 [INFO] R7: 7\u219212 path=[7, 6, 5, 9, 8, 12] start_delay=35
2026-04-19 12:27:54,900 [INFO] Map: 20 nodes, 50 edges
2026-04-19 12:27:54,902 [INFO] R0: 0\u219219 path=[0, 1, 2, 6, 10, 11, 15, 19] start_delay=0
2026-04-19 12:27:54,903 [INFO] R1: 1\u219218 path=[1, 5, 9, 10, 14, 18] start_delay=5
2026-04-19 12:27:54,903 [INFO] R2: 2\u219217 path=[2, 6, 10, 9, 13, 17] start_delay=10
2026-04-19 12:27:54,904 [INFO] R3: 3\u219216 path=[3, 2, 1, 5, 9, 13, 12, 16] start_delay=15
2026-04-19 12:27:54,904 [INFO] R4: 4\u219215 path=[4, 5, 6, 7, 11, 15] start_delay=20
2026-04-19 12:27:54,904 [INFO] R5: 5\u219214 path=[5, 6, 10, 14] start_delay=25
2026-04-19 12:27:54,904 [INFO] R6: 6\u219213 path=[6, 5, 9, 13] start_delay=30
2026-04-19 12:27:54,905 [INFO] R7: 7\u219212 path=[7, 6, 5, 9, 8, 12] start_delay=35
2026-04-19 12:27:55,733 [INFO] Step 50: done=0 deadlocks=0
2026-04-19 12:27:56,564 [INFO] Step 100: done=5 deadlocks=0
2026-04-19 12:27:56,883 [INFO] All done at step 119
2026-04-19 12:28:08,434 [INFO] Map: 20 nodes, 50 edges
2026-04-19 12:28:08,435 [INFO] R0: 0\u219219 path=[0, 1, 2, 6, 10, 11, 15, 19] start_delay=0
2026-04-19 12:28:08,435 [INFO] R1: 1\u219218 path=[1, 5, 9, 10, 14, 18] start_delay=5
2026-04-19 12:28:08,435 [INFO] R2: 2\u219217 path=[2, 6, 10, 9, 13, 17] start_delay=10
2026-04-19 12:28:08,436 [INFO] R3: 3\u219216 path=[3, 2, 1, 5, 9, 13, 12, 16] start_delay=15
2026-04-19 12:28:08,436 [INFO] R4: 4\u219215 path=[4, 5, 6, 7, 11, 15] start_delay=20
2026-04-19 12:28:08,436 [INFO] R5: 5\u219214 path=[5, 6, 10, 14] start_delay=25
2026-04-19 12:28:08,436 [INFO] R6: 6\u219213 path=[6, 5, 9, 13] start_delay=30
2026-04-19 12:28:08,436 [INFO] R7: 7\u219212 path=[7, 6, 5, 9, 8, 12] start_delay=35
2026-04-19 12:29:42,019 [INFO] Map: 20 nodes, 50 edges
2026-04-19 12:29:42,020 [INFO] R0: 0\u219219 path=[0, 1, 2, 6, 10, 11, 15, 19] start_delay=0
2026-04-19 12:29:42,020 [INFO] R1: 1\u219218 path=[1, 5, 9, 10, 14, 18] start_delay=5
2026-04-19 12:29:42,020 [INFO] R2: 2\u219217 path=[2, 6, 10, 9, 13, 17] start_delay=10
2026-04-19 12:29:42,020 [INFO] R3: 3\u219216 path=[3, 2, 1, 5, 9, 13, 12, 16] start_delay=15
2026-04-19 12:29:42,021 [INFO] R4: 4\u219215 path=[4, 5, 6, 7, 11, 15] start_delay=20
2026-04-19 12:29:42,021 [INFO] R5: 5\u219214 path=[5, 6, 10, 14] start_delay=25
2026-04-19 12:29:42,021 [INFO] R6: 6\u219213 path=[6, 5, 9, 13] start_delay=30
2026-04-19 12:29:42,021 [INFO] R7: 7\u219212 path=[7, 6, 5, 9, 8, 12] start_delay=35
2026-04-19 12:31:08,592 [INFO] Map: 20 nodes, 50 edges
2026-04-19 12:31:08,593 [INFO] R0: 0\u219219 path=[0, 1, 2, 6, 10, 11, 15, 19] start_delay=0
2026-04-19 12:31:08,593 [INFO] R1: 1\u219218 path=[1, 5, 9, 10, 14, 18] start_delay=5
2026-04-19 12:31:08,594 [INFO] R2: 2\u219217 path=[2, 6, 10, 9, 13, 17] start_delay=10
2026-04-19 12:31:08,594 [INFO] R3: 3\u219216 path=[3, 2, 1, 5, 9, 13, 12, 16] start_delay=15
2026-04-19 12:31:08,594 [INFO] R4: 4\u219215 path=[4, 5, 6, 7, 11, 15] start_delay=20
2026-04-19 12:31:08,594 [INFO] R5: 5\u219214 path=[5, 6, 10, 14] start_delay=25
2026-04-19 12:31:08,594 [INFO] R6: 6\u219213 path=[6, 5, 9, 13] start_delay=30
2026-04-19 12:31:08,594 [INFO] R7: 7\u219212 path=[7, 6, 5, 9, 8, 12] start_delay=35
2026-04-19 12:31:08,596 [INFO] Step 50: done=0 deadlocks=0
2026-04-19 12:33:39,217 [INFO] Map: 20 nodes, 50 edges
2026-04-19 12:33:39,218 [INFO] R0: 0\u219219 path=[0, 1, 2, 6, 10, 11, 15, 19] start_delay=0
2026-04-19 12:33:39,218 [INFO] R1: 1\u219218 path=[1, 5, 9, 10, 14, 18] start_delay=5
2026-04-19 12:33:39,218 [INFO] R2: 2\u219217 path=[2, 6, 10, 9, 13, 17] start_delay=10
2026-04-19 12:33:39,218 [INFO] R3: 3\u219216 path=[3, 2, 1, 5, 9, 13, 12, 16] start_delay=15
2026-04-19 12:33:39,219 [INFO] R4: 4\u219215 path=[4, 5, 6, 7, 11, 15] start_delay=20
2026-04-19 12:33:39,219 [INFO] R5: 5\u219214 path=[5, 6, 10, 14] start_delay=25
2026-04-19 12:33:39,219 [INFO] R6: 6\u219213 path=[6, 5, 9, 13] start_delay=30
2026-04-19 12:33:39,219 [INFO] R7: 7\u219212 path=[7, 6, 5, 9, 8, 12] start_delay=35
2026-04-19 12:33:39,223 [INFO] Step 50: done=0 deadlocks=0
2026-04-19 12:35:28,190 [INFO] Map: 20 nodes, 50 edges
2026-04-19 12:35:28,191 [INFO] R0: 0\u219219 path=[0, 1, 2, 6, 10, 11, 15, 19] start_delay=0
2026-04-19 12:35:28,192 [INFO] R1: 1\u219218 path=[1, 5, 9, 10, 14, 18] start_delay=5
2026-04-19 12:35:28,192 [INFO] R2: 2\u219217 path=[2, 6, 10, 9, 13, 17] start_delay=10
2026-04-19 12:35:28,192 [INFO] R3: 3\u219216 path=[3, 2, 1, 5, 9, 13, 12, 16] start_delay=15
2026-04-19 12:35:28,192 [INFO] R4: 4\u219215 path=[4, 5, 6, 7, 11, 15] start_delay=20
2026-04-19 12:35:28,192 [INFO] R5: 5\u219214 path=[5, 6, 10, 14] start_delay=25
2026-04-19 12:35:28,192 [INFO] R6: 6\u219213 path=[6, 5, 9, 13] start_delay=30
2026-04-19 12:35:28,192 [INFO] R7: 7\u219212 path=[7, 6, 5, 9, 8, 12] start_delay=35
2026-04-19 12:35:28,195 [INFO] Step 50: done=0 deadlocks=0
2026-04-19 12:36:05,683 [INFO] Map: 20 nodes, 50 edges
2026-04-19 12:36:05,684 [INFO] R0: 0\u219219 path=[0, 1, 2, 6, 10, 11, 15, 19] start_delay=0
2026-04-19 12:36:05,685 [INFO] R1: 1\u219218 path=[1, 5, 9, 10, 14, 18] start_delay=5
2026-04-19 12:36:05,685 [INFO] R2: 2\u219217 path=[2, 6, 10, 9, 13, 17] start_delay=10
2026-04-19 12:36:05,686 [INFO] R3: 3\u219216 path=[3, 2, 1, 5, 9, 13, 12, 16] start_delay=15
2026-04-19 12:36:05,686 [INFO] R4: 4\u219215 path=[4, 5, 6, 7, 11, 15] start_delay=20
2026-04-19 12:36:05,686 [INFO] R5: 5\u219214 path=[5, 6, 10, 14] start_delay=25
2026-04-19 12:36:05,686 [INFO] R6: 6\u219213 path=[6, 5, 9, 13] start_delay=30
2026-04-19 12:36:05,686 [INFO] R7: 7\u219212 path=[7, 6, 5, 9, 8, 12] start_delay=35
2026-04-19 12:36:06,522 [INFO] Step 50: done=0 deadlocks=0
2026-04-19 12:36:07,355 [INFO] Step 100: done=5 deadlocks=0
2026-04-19 12:36:07,670 [INFO] All done at step 119
2026-04-19 12:36:11,854 [INFO] Map: 20 nodes, 50 edges
2026-04-19 12:36:11,854 [INFO] R0: 0\u219219 path=[0, 1, 2, 6, 10, 11, 15, 19] start_delay=0
2026-04-19 12:36:11,855 [INFO] R1: 1\u219218 path=[1, 5, 9, 10, 14, 18] start_delay=5
2026-04-19 12:36:11,855 [INFO] R2: 2\u219217 path=[2, 6, 10, 9, 13, 17] start_delay=10
2026-04-19 12:36:11,855 [INFO] R3: 3\u219216 path=[3, 2, 1, 5, 9, 13, 12, 16] start_delay=15
2026-04-19 12:36:11,856 [INFO] R4: 4\u219215 path=[4, 5, 6, 7, 11, 15] start_delay=20
2026-04-19 12:36:11,856 [INFO] R5: 5\u219214 path=[5, 6, 10, 14] start_delay=25
2026-04-19 12:36:11,856 [INFO] R6: 6\u219213 path=[6, 5, 9, 13] start_delay=30
2026-04-19 12:36:11,857 [INFO] R7: 7\u219212 path=[7, 6, 5, 9, 8, 12] start_delay=35
2026-04-19 12:40:42,819 [INFO] Map: 20 nodes, 50 edges
2026-04-19 12:40:42,819 [INFO] R0: 0\u219219 path=[0, 1, 2, 6, 10, 11, 15, 19] start_delay=0
2026-04-19 12:40:42,820 [INFO] R1: 1\u219218 path=[1, 5, 9, 10, 14, 18] start_delay=5
2026-04-19 12:40:42,820 [INFO] R2: 2\u219217 path=[2, 6, 10, 9, 13, 17] start_delay=10
2026-04-19 12:40:42,820 [INFO] R3: 3\u219216 path=[3, 2, 1, 5, 9, 13, 12, 16] start_delay=15
2026-04-19 12:40:42,820 [INFO] R4: 4\u219215 path=[4, 5, 6, 7, 11, 15] start_delay=20
2026-04-19 12:40:42,820 [INFO] R5: 5\u219214 path=[5, 6, 10, 14] start_delay=25
2026-04-19 12:40:42,820 [INFO] R6: 6\u219213 path=[6, 5, 9, 13] start_delay=30
2026-04-19 12:40:42,820 [INFO] R7: 7\u219212 path=[7, 6, 5, 9, 8, 12] start_delay=35
2026-04-19 12:40:42,822 [INFO] Step 50: done=0 deadlocks=0
2026-04-19 12:40:42,827 [INFO] Step 100: done=5 deadlocks=0
2026-04-19 12:40:42,827 [INFO] All done at step 119
2026-04-19 12:42:24,298 [INFO] Map: 20 nodes, 50 edges
2026-04-19 12:42:24,299 [INFO] R0: 0\u219219 path=[0, 1, 2, 6, 10, 11, 15, 19] start_delay=0
2026-04-19 12:42:24,299 [INFO] R1: 1\u219218 path=[1, 5, 9, 10, 14, 18] start_delay=5
2026-04-19 12:42:24,299 [INFO] R2: 2\u219217 path=[2, 6, 10, 9, 13, 17] start_delay=10
2026-04-19 12:42:24,299 [INFO] R3: 3\u219216 path=[3, 2, 1, 5, 9, 13, 12, 16] start_delay=15
2026-04-19 12:42:24,299 [INFO] R4: 4\u219215 path=[4, 5, 6, 7, 11, 15] start_delay=20
2026-04-19 12:42:24,299 [INFO] R5: 5\u219214 path=[5, 6, 10, 14] start_delay=25
2026-04-19 12:42:24,299 [INFO] R6: 6\u219213 path=[6, 5, 9, 13] start_delay=30
2026-04-19 12:42:24,299 [INFO] R7: 7\u219212 path=[7, 6, 5, 9, 8, 12] start_delay=35
2026-04-19 12:42:25,132 [INFO] Step 50: done=0 deadlocks=0
2026-04-19 12:42:25,960 [INFO] Step 100: done=5 deadlocks=0
2026-04-19 12:42:26,280 [INFO] All done at step 119
2026-04-19 12:42:31,444 [INFO] Map: 20 nodes, 50 edges
2026-04-19 12:42:31,445 [INFO] R0: 0\u219219 path=[0, 1, 2, 6, 10, 11, 15, 19] start_delay=0
2026-04-19 12:42:31,445 [INFO] R1: 1\u219218 path=[1, 5, 9, 10, 14, 18] start_delay=5
2026-04-19 12:42:31,445 [INFO] R2: 2\u219217 path=[2, 6, 10, 9, 13, 17] start_delay=10
2026-04-19 12:42:31,445 [INFO] R3: 3\u219216 path=[3, 2, 1, 5, 9, 13, 12, 16] start_delay=15
2026-04-19 12:42:31,445 [INFO] R4: 4\u219215 path=[4, 5, 6, 7, 11, 15] start_delay=20
2026-04-19 12:42:31,445 [INFO] R5: 5\u219214 path=[5, 6, 10, 14] start_delay=25
2026-04-19 12:42:31,445 [INFO] R6: 6\u219213 path=[6, 5, 9, 13] start_delay=30
2026-04-19 12:42:31,445 [INFO] R7: 7\u219212 path=[7, 6, 5, 9, 8, 12] start_delay=35
2026-04-19 12:44:38,926 [INFO] Map: 20 nodes, 50 edges
2026-04-19 12:44:38,928 [INFO] R0: 0\u219219 path=[0, 1, 2, 6, 10, 11, 15, 19] start_delay=0
2026-04-19 12:44:38,928 [INFO] R1: 1\u219218 path=[1, 5, 9, 10, 14, 18] start_delay=5
2026-04-19 12:44:38,928 [INFO] R2: 2\u219217 path=[2, 6, 10, 9, 13, 17] start_delay=10
2026-04-19 12:44:38,928 [INFO] R3: 3\u219216 path=[3, 2, 1, 5, 9, 13, 12, 16] start_delay=15
2026-04-19 12:44:38,929 [INFO] R4: 4\u219215 path=[4, 5, 6, 7, 11, 15] start_delay=20
2026-04-19 12:44:38,929 [INFO] R5: 5\u219214 path=[5, 6, 10, 14] start_delay=25
2026-04-19 12:44:38,929 [INFO] R6: 6\u219213 path=[6, 5, 9, 13] start_delay=30
2026-04-19 12:44:38,929 [INFO] R7: 7\u219212 path=[7, 6, 5, 9, 8, 12] start_delay=35
2026-04-19 12:44:39,768 [INFO] Step 50: done=0 deadlocks=0
2026-04-19 12:44:40,592 [INFO] Step 100: done=5 deadlocks=0
2026-04-19 12:44:40,912 [INFO] All done at step 119
2026-04-19 12:59:56,329 [INFO] Map: 20 nodes, 50 edges
2026-04-19 12:59:56,330 [INFO] R0: 0\u219219 path=[0, 1, 2, 6, 10, 11, 15, 19] start_delay=0
2026-04-19 12:59:56,330 [INFO] R1: 1\u219218 path=[1, 5, 9, 10, 14, 18] start_delay=5
2026-04-19 12:59:56,330 [INFO] R2: 2\u219217 path=[2, 6, 10, 9, 13, 17] start_delay=10
2026-04-19 12:59:56,330 [INFO] R3: 3\u219216 path=[3, 2, 1, 5, 9, 13, 12, 16] start_delay=15
2026-04-19 12:59:56,330 [INFO] R4: 4\u219215 path=[4, 5, 6, 7, 11, 15] start_delay=20
2026-04-19 12:59:56,330 [INFO] R5: 5\u219214 path=[5, 6, 10, 14] start_delay=25
2026-04-19 12:59:56,330 [INFO] R6: 6\u219213 path=[6, 5, 9, 13] start_delay=30
2026-04-19 12:59:56,330 [INFO] R7: 7\u219212 path=[7, 6, 5, 9, 8, 12] start_delay=35
2026-04-19 12:59:56,334 [INFO] Step 50: done=0 deadlocks=0
2026-04-19 12:59:56,340 [INFO] Step 100: done=3 deadlocks=0
2026-04-19 12:59:56,343 [INFO] Step 150: done=3 deadlocks=0
2026-04-19 12:59:56,345 [INFO] Step 200: done=3 deadlocks=0
2026-04-19 12:59:56,349 [INFO] Step 250: done=3 deadlocks=0
2026-04-19 12:59:56,354 [INFO] Step 300: done=4 deadlocks=0
2026-04-19 12:59:56,359 [INFO] Step 350: done=5 deadlocks=0
2026-04-19 12:59:56,360 [INFO] All done at step 383
2026-04-19 13:07:57,513 [INFO] Map: 20 nodes, 50 edges
2026-04-19 13:07:57,513 [INFO] R0: 0\u219219 path=[0, 1, 2, 6, 10, 11, 15, 19] start_delay=0
2026-04-19 13:07:57,513 [INFO] R1: 1\u219218 path=[1, 5, 9, 10, 14, 18] start_delay=5
2026-04-19 13:07:57,513 [INFO] R2: 2\u219217 path=[2, 6, 10, 9, 13, 17] start_delay=10
2026-04-19 13:07:57,514 [INFO] R3: 3\u219216 path=[3, 2, 1, 5, 9, 13, 12, 16] start_delay=15
2026-04-19 13:07:57,514 [INFO] R4: 4\u219215 path=[4, 5, 6, 7, 11, 15] start_delay=20
2026-04-19 13:07:57,514 [INFO] R5: 5\u219214 path=[5, 6, 10, 14] start_delay=25
2026-04-19 13:07:57,514 [INFO] R6: 6\u219213 path=[6, 5, 9, 13] start_delay=30
2026-04-19 13:07:57,514 [INFO] R7: 7\u219212 path=[7, 6, 5, 9, 8, 12] start_delay=35
2026-04-19 13:07:57,518 [INFO] Step 50: done=0 deadlocks=0
2026-04-19 13:07:57,522 [INFO] Step 100: done=3 deadlocks=0
2026-04-19 13:07:57,525 [INFO] Step 150: done=3 deadlocks=0
2026-04-19 13:07:57,530 [INFO] Step 200: done=3 deadlocks=0
2026-04-19 13:07:57,534 [INFO] Step 250: done=3 deadlocks=0
2026-04-19 13:07:57,537 [INFO] Step 300: done=4 deadlocks=0
2026-04-19 13:07:57,541 [INFO] Step 350: done=5 deadlocks=0
2026-04-19 13:07:57,543 [INFO] All done at step 383
2026-04-19 13:08:09,364 [INFO] Map: 20 nodes, 50 edges
2026-04-19 13:08:09,366 [INFO] R0: 0\u219219 path=[0, 1, 2, 6, 10, 11, 15, 19] start_delay=0
2026-04-19 13:08:09,366 [INFO] R1: 1\u219218 path=[1, 5, 9, 10, 14, 18] start_delay=5
2026-04-19 13:08:09,366 [INFO] R2: 2\u219217 path=[2, 6, 10, 9, 13, 17] start_delay=10
2026-04-19 13:08:09,367 [INFO] R3: 3\u219216 path=[3, 2, 1, 5, 9, 13, 12, 16] start_delay=15
2026-04-19 13:08:09,367 [INFO] R4: 4\u219215 path=[4, 5, 6, 7, 11, 15] start_delay=20
2026-04-19 13:08:09,367 [INFO] R5: 5\u219214 path=[5, 6, 10, 14] start_delay=25
2026-04-19 13:08:09,367 [INFO] R6: 6\u219213 path=[6, 5, 9, 13] start_delay=30
2026-04-19 13:08:09,367 [INFO] R7: 7\u219212 path=[7, 6, 5, 9, 8, 12] start_delay=35
2026-04-19 13:08:10,204 [INFO] Step 50: done=0 deadlocks=0
2026-04-19 13:08:11,037 [INFO] Step 100: done=3 deadlocks=0
2026-04-19 13:08:11,872 [INFO] Step 150: done=3 deadlocks=0
2026-04-19 13:08:12,699 [INFO] Step 200: done=3 deadlocks=0
2026-04-19 13:08:13,530 [INFO] Step 250: done=3 deadlocks=0
2026-04-19 13:08:14,361 [INFO] Step 300: done=4 deadlocks=0
2026-04-19 13:08:15,193 [INFO] Step 350: done=5 deadlocks=0
2026-04-19 13:08:15,738 [INFO] All done at step 383
2026-04-19 13:08:29,388 [INFO] Map: 20 nodes, 50 edges
2026-04-19 13:08:29,389 [INFO] R0: 0\u219219 path=[0, 1, 2, 6, 10, 11, 15, 19] start_delay=0
2026-04-19 13:08:29,390 [INFO] R1: 1\u219218 path=[1, 5, 9, 10, 14, 18] start_delay=5
2026-04-19 13:08:29,390 [INFO] R2: 2\u219217 path=[2, 6, 10, 9, 13, 17] start_delay=10
2026-04-19 13:08:29,390 [INFO] R3: 3\u219216 path=[3, 2, 1, 5, 9, 13, 12, 16] start_delay=15
2026-04-19 13:08:29,390 [INFO] R4: 4\u219215 path=[4, 5, 6, 7, 11, 15] start_delay=20
2026-04-19 13:08:29,390 [INFO] R5: 5\u219214 path=[5, 6, 10, 14] start_delay=25
2026-04-19 13:08:29,390 [INFO] R6: 6\u219213 path=[6, 5, 9, 13] start_delay=30
2026-04-19 13:08:29,391 [INFO] R7: 7\u219212 path=[7, 6, 5, 9, 8, 12] start_delay=35
2026-04-19 13:08:29,391 [INFO] R8: 8\u219211 path=[8, 9, 10, 11] start_delay=40
2026-04-19 13:08:29,391 [INFO] R9: 9\u219210 path=[9, 10] start_delay=45
2026-04-19 13:08:29,391 [INFO] R10: 0\u219214 path=[0, 1, 5, 6, 10, 14] start_delay=50
2026-04-19 13:08:29,391 [INFO] R11: 1\u219213 path=[1, 5, 9, 13] start_delay=55
2026-04-19 13:15:55,783 [INFO] Map: 20 nodes, 50 edges
2026-04-19 13:15:55,784 [INFO] R0: 0\u219219 path=[0, 1, 2, 6, 10, 11, 15, 19] start_delay=0
2026-04-19 13:15:55,784 [INFO] R1: 1\u219218 path=[1, 5, 9, 10, 14, 18] start_delay=5
2026-04-19 13:15:55,784 [INFO] R2: 2\u219217 path=[2, 6, 10, 9, 13, 17] start_delay=10
2026-04-19 13:15:55,784 [INFO] R3: 3\u219216 path=[3, 2, 1, 5, 9, 13, 12, 16] start_delay=15
2026-04-19 13:15:55,784 [INFO] R4: 4\u219215 path=[4, 5, 6, 7, 11, 15] start_delay=20
2026-04-19 13:15:55,784 [INFO] R5: 5\u219214 path=[5, 6, 10, 14] start_delay=25
2026-04-19 13:15:55,785 [INFO] R6: 6\u219213 path=[6, 5, 9, 13] start_delay=30
2026-04-19 13:15:55,785 [INFO] R7: 7\u219212 path=[7, 6, 5, 9, 8, 12] start_delay=35
2026-04-19 13:15:55,789 [INFO] Step 50: done=0 deadlocks=0
2026-04-19 13:15:55,794 [INFO] Step 100: done=3 deadlocks=0
2026-04-19 13:15:55,798 [INFO] Step 150: done=3 deadlocks=0
2026-04-19 13:15:55,802 [INFO] Step 200: done=3 deadlocks=0
2026-04-19 13:15:55,809 [INFO] Step 250: done=3 deadlocks=0
2026-04-19 13:15:55,814 [INFO] Step 300: done=4 deadlocks=0
2026-04-19 13:15:55,817 [INFO] Step 350: done=5 deadlocks=0
2026-04-19 13:15:55,819 [INFO] All done at step 383
2026-04-19 13:16:27,851 [INFO] Map: 20 nodes, 50 edges
2026-04-19 13:16:27,851 [INFO] R0: 0\u219219 path=[0, 1, 2, 6, 10, 11, 15, 19] start_delay=0
2026-04-19 13:16:27,851 [INFO] R1: 1\u219218 path=[1, 5, 9, 10, 14, 18] start_delay=5
2026-04-19 13:16:27,851 [INFO] R2: 2\u219217 path=[2, 6, 10, 9, 13, 17] start_delay=10
2026-04-19 13:16:27,851 [INFO] R3: 3\u219216 path=[3, 2, 1, 5, 9, 13, 12, 16] start_delay=15
2026-04-19 13:16:27,852 [INFO] R4: 4\u219215 path=[4, 5, 6, 7, 11, 15] start_delay=20
2026-04-19 13:16:27,852 [INFO] R5: 5\u219214 path=[5, 6, 10, 14] start_delay=25
2026-04-19 13:16:27,853 [INFO] R6: 6\u219213 path=[6, 5, 9, 13] start_delay=30
2026-04-19 13:16:27,853 [INFO] R7: 7\u219212 path=[7, 6, 5, 9, 8, 12] start_delay=35
2026-04-19 13:16:27,879 [INFO] Step 400: done=7 deadlocks=0
2026-04-19 13:16:27,879 [INFO] All done at step 412
2026-04-19 13:16:53,189 [INFO] Map: 20 nodes, 50 edges
2026-04-19 13:16:53,190 [INFO] R0: 0\u219219 path=[0, 1, 2, 6, 10, 11, 15, 19] start_delay=0
2026-04-19 13:16:53,190 [INFO] R1: 1\u219218 path=[1, 5, 9, 10, 14, 18] start_delay=5
2026-04-19 13:16:53,190 [INFO] R2: 2\u219217 path=[2, 6, 10, 9, 13, 17] start_delay=10
2026-04-19 13:16:53,190 [INFO] R3: 3\u219216 path=[3, 2, 1, 5, 9, 13, 12, 16] start_delay=15
2026-04-19 13:16:53,191 [INFO] R4: 4\u219215 path=[4, 5, 6, 7, 11, 15] start_delay=20
2026-04-19 13:16:53,191 [INFO] R5: 5\u219214 path=[5, 6, 10, 14] start_delay=25
2026-04-19 13:16:53,191 [INFO] R6: 6\u219213 path=[6, 5, 9, 13] start_delay=30
2026-04-19 13:16:53,191 [INFO] R7: 7\u219212 path=[7, 6, 5, 9, 8, 12] start_delay=35
2026-04-19 13:16:53,195 [INFO] Step 50: done=0 deadlocks=0
2026-04-19 13:16:53,199 [INFO] Step 100: done=3 deadlocks=0
2026-04-19 13:16:53,202 [INFO] Step 150: done=3 deadlocks=0
2026-04-19 13:16:53,205 [INFO] Step 200: done=3 deadlocks=0
2026-04-19 13:16:53,208 [INFO] Step 250: done=3 deadlocks=0
2026-04-19 13:16:53,211 [INFO] Step 300: done=4 deadlocks=0
2026-04-19 13:16:53,215 [INFO] Step 350: done=5 deadlocks=0
2026-04-19 13:16:53,216 [INFO] All done at step 383
2026-04-19 13:17:39,530 [INFO] Map: 20 nodes, 50 edges
2026-04-19 13:17:39,530 [INFO] R0: 0\u219219 path=[0, 1, 2, 6, 10, 11, 15, 19] start_delay=0
2026-04-19 13:17:39,531 [INFO] R1: 1\u219218 path=[1, 5, 9, 10, 14, 18] start_delay=5
2026-04-19 13:17:39,531 [INFO] R2: 2\u219217 path=[2, 6, 10, 9, 13, 17] start_delay=10
2026-04-19 13:17:39,531 [INFO] R3: 3\u219216 path=[3, 2, 1, 5, 9, 13, 12, 16] start_delay=15
2026-04-19 13:17:39,531 [INFO] R4: 4\u219215 path=[4, 5, 6, 7, 11, 15] start_delay=20
2026-04-19 13:17:39,531 [INFO] R5: 5\u219214 path=[5, 6, 10, 14] start_delay=25
2026-04-19 13:17:39,531 [INFO] R6: 6\u219213 path=[6, 5, 9, 13] start_delay=30
2026-04-19 13:17:39,531 [INFO] R7: 7\u219212 path=[7, 6, 5, 9, 8, 12] start_delay=35
2026-04-19 13:17:39,536 [INFO] Step 50: done=0 deadlocks=0
2026-04-19 13:17:39,540 [INFO] Step 100: done=3 deadlocks=0
2026-04-19 13:17:39,543 [INFO] Step 150: done=3 deadlocks=0
2026-04-19 13:17:39,551 [INFO] Step 200: done=3 deadlocks=0
2026-04-19 13:17:39,555 [INFO] Step 250: done=3 deadlocks=0
2026-04-19 13:17:39,558 [INFO] Step 300: done=4 deadlocks=0
2026-04-19 13:17:39,562 [INFO] Step 350: done=5 deadlocks=0
2026-04-19 13:17:39,563 [INFO] All done at step 383
2026-04-19 13:19:07,893 [INFO] Map: 20 nodes, 50 edges
2026-04-19 13:19:07,895 [INFO] R0: 0\u219219 path=[0, 1, 2, 6, 10, 11, 15, 19] start_delay=0
2026-04-19 13:19:07,895 [INFO] R1: 1\u219218 path=[1, 5, 9, 10, 14, 18] start_delay=5
2026-04-19 13:19:07,895 [INFO] R2: 2\u219217 path=[2, 6, 10, 9, 13, 17] start_delay=10
2026-04-19 13:19:07,896 [INFO] R3: 3\u219216 path=[3, 2, 1, 5, 9, 13, 12, 16] start_delay=15
2026-04-19 13:19:07,896 [INFO] R4: 4\u219215 path=[4, 5, 6, 7, 11, 15] start_delay=20
2026-04-19 13:19:07,896 [INFO] R5: 5\u219214 path=[5, 6, 10, 14] start_delay=25
2026-04-19 13:19:07,896 [INFO] R6: 6\u219213 path=[6, 5, 9, 13] start_delay=30
2026-04-19 13:19:07,896 [INFO] R7: 7\u219212 path=[7, 6, 5, 9, 8, 12] start_delay=35
2026-04-19 13:19:07,913 [INFO] Step 50: done=0 deadlocks=0
2026-04-19 13:19:28,145 [INFO] Map: 20 nodes, 50 edges
2026-04-19 13:19:28,147 [INFO] R0: 0\u219219 path=[0, 1, 2, 6, 10, 11, 15, 19] start_delay=0
2026-04-19 13:19:28,147 [INFO] R1: 1\u219218 path=[1, 5, 9, 10, 14, 18] start_delay=5
2026-04-19 13:19:28,147 [INFO] R2: 2\u219217 path=[2, 6, 10, 9, 13, 17] start_delay=10
2026-04-19 13:19:28,148 [INFO] R3: 3\u219216 path=[3, 2, 1, 5, 9, 13, 12, 16] start_delay=15
2026-04-19 13:19:28,148 [INFO] R4: 4\u219215 path=[4, 5, 6, 7, 11, 15] start_delay=20
2026-04-19 13:19:28,148 [INFO] R5: 5\u219214 path=[5, 6, 10, 14] start_delay=25
2026-04-19 13:19:28,148 [INFO] R6: 6\u219213 path=[6, 5, 9, 13] start_delay=30
2026-04-19 13:19:28,148 [INFO] R7: 7\u219212 path=[7, 6, 5, 9, 8, 12] start_delay=35
2026-04-19 13:19:28,163 [INFO] Step 50: done=0 deadlocks=0
2026-04-19 13:19:47,543 [INFO] Map: 20 nodes, 50 edges
2026-04-19 13:19:47,545 [INFO] R0: 0\u219219 path=[0, 1, 2, 6, 10, 11, 15, 19] start_delay=0
2026-04-19 13:19:47,545 [INFO] R1: 1\u219218 path=[1, 5, 9, 10, 14, 18] start_delay=5
2026-04-19 13:19:47,546 [INFO] R2: 2\u219217 path=[2, 6, 10, 9, 13, 17] start_delay=10
2026-04-19 13:19:47,546 [INFO] R3: 3\u219216 path=[3, 2, 1, 5, 9, 13, 12, 16] start_delay=15
2026-04-19 13:19:47,546 [INFO] R4: 4\u219215 path=[4, 5, 6, 7, 11, 15] start_delay=20
2026-04-19 13:19:47,546 [INFO] R5: 5\u219214 path=[5, 6, 10, 14] start_delay=25
2026-04-19 13:19:47,546 [INFO] R6: 6\u219213 path=[6, 5, 9, 13] start_delay=30
2026-04-19 13:19:47,546 [INFO] R7: 7\u219212 path=[7, 6, 5, 9, 8, 12] start_delay=35
2026-04-19 13:19:47,547 [INFO] R8: 8\u219211 path=[8, 9, 10, 11] start_delay=40
2026-04-19 13:19:47,547 [INFO] R9: 9\u219210 path=[9, 10] start_delay=45
2026-04-19 13:19:47,547 [INFO] R10: 0\u219214 path=[0, 1, 5, 6, 10, 14] start_delay=50
2026-04-19 13:19:47,547 [INFO] R11: 1\u219213 path=[1, 5, 9, 13] start_delay=55
2026-04-19 13:19:47,570 [INFO] Step 50: done=0 deadlocks=0
2026-04-19 13:19:47,596 [INFO] Step 100: done=2 deadlocks=0
2026-04-19 13:20:11,337 [INFO] Map: 20 nodes, 50 edges
2026-04-19 13:20:11,339 [INFO] R0: 0\u219219 path=[0, 1, 2, 6, 10, 11, 15, 19] start_delay=0
2026-04-19 13:20:11,340 [INFO] R1: 1\u219218 path=[1, 5, 9, 10, 14, 18] start_delay=5
2026-04-19 13:20:11,340 [INFO] R2: 2\u219217 path=[2, 6, 10, 9, 13, 17] start_delay=10
2026-04-19 13:20:11,340 [INFO] R3: 3\u219216 path=[3, 2, 1, 5, 9, 13, 12, 16] start_delay=15
2026-04-19 13:20:11,340 [INFO] R4: 4\u219215 path=[4, 5, 6, 7, 11, 15] start_delay=20
2026-04-19 13:20:11,341 [INFO] R5: 5\u219214 path=[5, 6, 10, 14] start_delay=25
2026-04-19 13:20:11,341 [INFO] R6: 6\u219213 path=[6, 5, 9, 13] start_delay=30
2026-04-19 13:20:11,341 [INFO] R7: 7\u219212 path=[7, 6, 5, 9, 8, 12] start_delay=35
2026-04-19 13:20:11,341 [INFO] R8: 8\u219211 path=[8, 9, 10, 11] start_delay=40
2026-04-19 13:20:11,341 [INFO] R9: 9\u219210 path=[9, 10] start_delay=45
2026-04-19 13:20:11,363 [INFO] Step 50: done=3 deadlocks=0
2026-04-19 13:20:11,373 [INFO] All done at step 85
2026-04-19 13:21:00,581 [INFO] Map: 20 nodes, 50 edges
2026-04-19 13:21:00,584 [INFO] R0: 0\u219219 path=[0, 1, 2, 6, 10, 11, 15, 19] start_delay=0
2026-04-19 13:21:00,584 [INFO] R1: 1\u219218 path=[1, 5, 9, 10, 14, 18] start_delay=5
2026-04-19 13:21:00,585 [INFO] R2: 2\u219217 path=[2, 6, 10, 9, 13, 17] start_delay=10
2026-04-19 13:21:00,585 [INFO] R3: 3\u219216 path=[3, 2, 1, 5, 9, 13, 12, 16] start_delay=15
2026-04-19 13:21:00,585 [INFO] R4: 4\u219215 path=[4, 5, 6, 7, 11, 15] start_delay=20
2026-04-19 13:21:00,585 [INFO] R5: 5\u219214 path=[5, 6, 10, 14] start_delay=25
2026-04-19 13:21:00,585 [INFO] R6: 6\u219213 path=[6, 5, 9, 13] start_delay=30
2026-04-19 13:21:00,586 [INFO] R7: 7\u219212 path=[7, 6, 5, 9, 8, 12] start_delay=35
2026-04-19 13:21:00,586 [INFO] R8: 8\u219211 path=[8, 9, 10, 11] start_delay=40
2026-04-19 13:21:00,586 [INFO] R9: 9\u219210 path=[9, 10] start_delay=45
2026-04-19 13:21:00,586 [INFO] R10: 0\u219214 path=[0, 1, 5, 6, 10, 14] start_delay=50
2026-04-19 13:21:00,586 [INFO] R11: 1\u219213 path=[1, 5, 9, 13] start_delay=55
2026-04-19 13:21:00,600 [INFO] Step 50: done=0 deadlocks=0
2026-04-19 13:21:00,616 [INFO] Step 100: done=2 deadlocks=0
2026-04-19 13:23:57,153 [INFO] Map: 20 nodes, 50 edges
2026-04-19 13:23:57,155 [INFO] R0: 0\u219219 path=[0, 1, 2, 6, 10, 11, 15, 19] start_delay=0
2026-04-19 13:23:57,155 [INFO] R1: 1\u219218 path=[1, 5, 9, 10, 14, 18] start_delay=5
2026-04-19 13:23:57,155 [INFO] R2: 2\u219217 path=[2, 6, 10, 9, 13, 17] start_delay=10
2026-04-19 13:23:57,155 [INFO] R3: 3\u219216 path=[3, 2, 1, 5, 9, 13, 12, 16] start_delay=15
2026-04-19 13:23:57,155 [INFO] R4: 4\u219215 path=[4, 5, 6, 7, 11, 15] start_delay=20
2026-04-19 13:23:57,156 [INFO] R5: 5\u219214 path=[5, 6, 10, 14] start_delay=25
2026-04-19 13:23:57,156 [INFO] R6: 6\u219213 path=[6, 5, 9, 13] start_delay=30
2026-04-19 13:23:57,156 [INFO] R7: 7\u219212 path=[7, 6, 5, 9, 8, 12] start_delay=35
2026-04-19 13:23:57,156 [INFO] R8: 8\u219211 path=[8, 9, 10, 11] start_delay=40
2026-04-19 13:23:57,156 [INFO] R9: 9\u219210 path=[9, 10] start_delay=45
2026-04-19 13:23:58,002 [INFO] Step 50: done=3 deadlocks=0
2026-04-19 13:23:58,586 [INFO] All done at step 85
2026-04-19 13:28:29,682 [INFO] Map: 20 nodes, 50 edges
2026-04-19 13:28:29,683 [INFO] R0: 0\u219219 path=[0, 1, 2, 6, 10, 11, 15, 19] start_delay=0
2026-04-19 13:28:29,684 [INFO] R1: 1\u219218 path=[1, 5, 9, 10, 14, 18] start_delay=5
2026-04-19 13:28:29,684 [INFO] R2: 2\u219217 path=[2, 6, 10, 9, 13, 17] start_delay=10
2026-04-19 13:28:29,684 [INFO] R3: 3\u219216 path=[3, 2, 1, 5, 9, 13, 12, 16] start_delay=15
2026-04-19 13:28:29,684 [INFO] R4: 4\u219215 path=[4, 5, 6, 7, 11, 15] start_delay=20
2026-04-19 13:28:29,684 [INFO] R5: 5\u219214 path=[5, 6, 10, 14] start_delay=25
2026-04-19 13:28:29,684 [INFO] R6: 6\u219213 path=[6, 5, 9, 13] start_delay=30
2026-04-19 13:28:29,685 [INFO] R7: 7\u219212 path=[7, 6, 5, 9, 8, 12] start_delay=35
2026-04-19 13:28:29,698 [INFO] Step 50: done=0 deadlocks=0
2026-04-19 13:28:29,710 [INFO] Step 100: done=3 deadlocks=0
2026-04-19 13:28:29,912 [INFO] Map: 20 nodes, 50 edges
2026-04-19 13:28:29,914 [INFO] R0: 0\u219219 path=[0, 1, 2, 6, 10, 11, 15, 19] start_delay=0
2026-04-19 13:28:29,914 [INFO] R1: 1\u219218 path=[1, 5, 9, 10, 14, 18] start_delay=5
2026-04-19 13:28:29,914 [INFO] R2: 2\u219217 path=[2, 6, 10, 9, 13, 17] start_delay=10
2026-04-19 13:28:29,915 [INFO] R3: 3\u219216 path=[3, 2, 1, 5, 9, 13, 12, 16] start_delay=15
2026-04-19 13:28:29,915 [INFO] R4: 4\u219215 path=[4, 5, 6, 7, 11, 15] start_delay=20
2026-04-19 13:28:29,915 [INFO] R5: 5\u219214 path=[5, 6, 10, 14] start_delay=25
2026-04-19 13:28:29,916 [INFO] R6: 6\u219213 path=[6, 5, 9, 13] start_delay=30
2026-04-19 13:28:29,916 [INFO] R7: 7\u219212 path=[7, 6, 5, 9, 8, 12] start_delay=35
2026-04-19 13:28:29,916 [INFO] R8: 8\u219211 path=[8, 9, 10, 11] start_delay=40
2026-04-19 13:28:29,916 [INFO] R9: 9\u219210 path=[9, 10] start_delay=45
2026-04-19 13:28:29,916 [INFO] R10: 0\u219214 path=[0, 1, 5, 6, 10, 14] start_delay=50
2026-04-19 13:28:29,917 [INFO] R11: 1\u219213 path=[1, 5, 9, 13] start_delay=55
2026-04-19 13:28:29,933 [INFO] Step 50: done=0 deadlocks=0
2026-04-19 13:28:29,954 [INFO] Step 100: done=2 deadlocks=0
2026-04-19 13:28:30,004 [INFO] Map: 20 nodes, 50 edges
2026-04-19 13:28:30,005 [INFO] R0: 0\u219219 path=[0, 1, 2, 6, 10, 11, 15, 19] start_delay=0
2026-04-19 13:28:30,006 [INFO] R1: 1\u219218 path=[1, 5, 9, 10, 14, 18] start_delay=5
2026-04-19 13:28:30,006 [INFO] R2: 2\u219217 path=[2, 6, 10, 9, 13, 17] start_delay=10
2026-04-19 13:28:30,007 [INFO] R3: 3\u219216 path=[3, 2, 1, 5, 9, 13, 12, 16] start_delay=15
2026-04-19 13:28:30,007 [INFO] R4: 4\u219215 path=[4, 5, 6, 7, 11, 15] start_delay=20
2026-04-19 13:28:30,008 [INFO] R5: 5\u219214 path=[5, 6, 10, 14] start_delay=25
2026-04-19 13:28:30,009 [INFO] R6: 6\u219213 path=[6, 5, 9, 13] start_delay=30
2026-04-19 13:28:30,009 [INFO] R7: 7\u219212 path=[7, 6, 5, 9, 8, 12] start_delay=35
2026-04-19 13:28:30,010 [INFO] R8: 8\u219211 path=[8, 9, 10, 11] start_delay=40
2026-04-19 13:28:30,010 [INFO] R9: 9\u219210 path=[9, 10] start_delay=45
2026-04-19 13:28:30,032 [INFO] Step 50: done=3 deadlocks=0
2026-04-19 13:28:30,037 [INFO] All done at step 85
2026-04-19 13:28:49,788 [INFO] Map: 20 nodes, 50 edges
2026-04-19 13:28:49,790 [INFO] R0: 0\u219219 path=[0, 1, 2, 6, 10, 11, 15, 19] start_delay=0
2026-04-19 13:28:49,790 [INFO] R1: 1\u219218 path=[1, 5, 9, 10, 14, 18] start_delay=5
2026-04-19 13:28:49,791 [INFO] R2: 2\u219217 path=[2, 6, 10, 9, 13, 17] start_delay=10
2026-04-19 13:28:49,791 [INFO] R3: 3\u219216 path=[3, 2, 1, 5, 9, 13, 12, 16] start_delay=15
2026-04-19 13:28:49,792 [INFO] R4: 4\u219215 path=[4, 5, 6, 7, 11, 15] start_delay=20
2026-04-19 13:28:49,792 [INFO] R5: 5\u219214 path=[5, 6, 10, 14] start_delay=25
2026-04-19 13:28:49,792 [INFO] R6: 6\u219213 path=[6, 5, 9, 13] start_delay=30
2026-04-19 13:28:49,792 [INFO] R7: 7\u219212 path=[7, 6, 5, 9, 8, 12] start_delay=35
2026-04-19 13:28:49,807 [INFO] Step 50: done=0 deadlocks=0
2026-04-19 13:34:19,309 [INFO] Map: 20 nodes, 50 edges
2026-04-19 13:34:19,311 [INFO] R0: 0\u219219 path=[0, 1, 2, 6, 10, 11, 15, 19] start_delay=0
2026-04-19 13:34:19,311 [INFO] R1: 1\u219218 path=[1, 5, 9, 10, 14, 18] start_delay=5
2026-04-19 13:34:19,312 [INFO] R2: 2\u219217 path=[2, 6, 10, 9, 13, 17] start_delay=10
2026-04-19 13:34:19,312 [INFO] R3: 3\u219216 path=[3, 2, 1, 5, 9, 13, 12, 16] start_delay=15
2026-04-19 13:34:19,312 [INFO] R4: 4\u219215 path=[4, 5, 6, 7, 11, 15] start_delay=20
2026-04-19 13:34:19,312 [INFO] R5: 5\u219214 path=[5, 6, 10, 14] start_delay=25
2026-04-19 13:34:19,312 [INFO] R6: 6\u219213 path=[6, 5, 9, 13] start_delay=30
2026-04-19 13:34:19,312 [INFO] R7: 7\u219212 path=[7, 6, 5, 9, 8, 12] start_delay=35
2026-04-19 13:34:19,313 [INFO] R8: 8\u219211 path=[8, 9, 10, 11] start_delay=40
2026-04-19 13:34:19,313 [INFO] R9: 9\u219210 path=[9, 10] start_delay=45
2026-04-19 13:34:20,158 [INFO] Step 50: done=3 deadlocks=0
2026-04-19 13:34:20,739 [INFO] All done at step 85
2026-04-19 13:50:06,556 [INFO] Map: 20 nodes, 50 edges
2026-04-19 13:50:06,557 [INFO] R0: 0\u219219 path=[0, 1, 2, 6, 10, 11, 15, 19] start_delay=0
2026-04-19 13:50:06,557 [INFO] R1: 1\u219218 path=[1, 5, 9, 10, 14, 18] start_delay=5
2026-04-19 13:50:06,557 [INFO] R2: 2\u219217 path=[2, 6, 10, 9, 13, 17] start_delay=10
2026-04-19 13:50:06,557 [INFO] R3: 3\u219216 path=[3, 2, 1, 5, 9, 13, 12, 16] start_delay=15
2026-04-19 13:50:06,557 [INFO] R4: 4\u219215 path=[4, 5, 6, 7, 11, 15] start_delay=20
2026-04-19 13:50:06,557 [INFO] R5: 5\u219214 path=[5, 6, 10, 14] start_delay=25
2026-04-19 13:50:06,557 [INFO] R6: 6\u219213 path=[6, 5, 9, 13] start_delay=30
2026-04-19 13:50:06,557 [INFO] R7: 7\u219212 path=[7, 6, 5, 9, 8, 12] start_delay=35
2026-04-19 13:50:06,560 [INFO] Step 50: done=0 deadlocks=0
2026-04-19 13:54:11,168 [INFO] Map: 20 nodes, 50 edges
2026-04-19 13:54:11,169 [INFO] R0: 0\u219219 path=[0, 1, 2, 6, 10, 11, 15, 19] start_delay=0
2026-04-19 13:54:11,169 [INFO] R1: 1\u219218 path=[1, 5, 9, 10, 14, 18] start_delay=5
2026-04-19 13:54:11,169 [INFO] R2: 2\u219217 path=[2, 6, 10, 9, 13, 17] start_delay=10
2026-04-19 13:54:11,169 [INFO] R3: 3\u219216 path=[3, 2, 1, 5, 9, 13, 12, 16] start_delay=15
2026-04-19 13:54:11,169 [INFO] R4: 4\u219215 path=[4, 5, 6, 7, 11, 15] start_delay=20
2026-04-19 13:54:11,169 [INFO] R5: 5\u219214 path=[5, 6, 10, 14] start_delay=25
2026-04-19 13:54:11,169 [INFO] R6: 6\u219213 path=[6, 5, 9, 13] start_delay=30
2026-04-19 13:54:11,169 [INFO] R7: 7\u219212 path=[7, 6, 5, 9, 8, 12] start_delay=35
2026-04-19 13:54:11,172 [INFO] Step 50: done=0 deadlocks=0
2026-04-19 13:55:25,724 [INFO] Map: 20 nodes, 50 edges
2026-04-19 13:55:25,724 [INFO] R0: 0\u219219 path=[0, 1, 2, 6, 10, 11, 15, 19] start_delay=0
2026-04-19 13:55:25,724 [INFO] R1: 1\u219218 path=[1, 5, 9, 10, 14, 18] start_delay=5
2026-04-19 13:55:25,724 [INFO] R2: 2\u219217 path=[2, 6, 10, 9, 13, 17] start_delay=10
2026-04-19 13:55:25,724 [INFO] R3: 3\u219216 path=[3, 2, 1, 5, 9, 13, 12, 16] start_delay=15
2026-04-19 13:55:25,724 [INFO] R4: 4\u219215 path=[4, 5, 6, 7, 11, 15] start_delay=20
2026-04-19 13:55:25,724 [INFO] R5: 5\u219214 path=[5, 6, 10, 14] start_delay=25
2026-04-19 13:55:25,724 [INFO] R6: 6\u219213 path=[6, 5, 9, 13] start_delay=30
2026-04-19 13:55:25,724 [INFO] R7: 7\u219212 path=[7, 6, 5, 9, 8, 12] start_delay=35
2026-04-19 13:55:25,727 [INFO] Step 50: done=0 deadlocks=0
2026-04-19 13:55:51,319 [INFO] Map: 20 nodes, 50 edges
2026-04-19 13:55:51,320 [INFO] R0: 0\u219219 path=[0, 1, 2, 6, 10, 11, 15, 19] start_delay=0
2026-04-19 13:55:51,320 [INFO] R1: 1\u219218 path=[1, 5, 9, 10, 14, 18] start_delay=5
2026-04-19 13:55:51,320 [INFO] R2: 2\u219217 path=[2, 6, 10, 9, 13, 17] start_delay=10
2026-04-19 13:55:51,320 [INFO] R3: 3\u219216 path=[3, 2, 1, 5, 9, 13, 12, 16] start_delay=15
2026-04-19 13:55:51,320 [INFO] R4: 4\u219215 path=[4, 5, 6, 7, 11, 15] start_delay=20
2026-04-19 13:55:51,320 [INFO] R5: 5\u219214 path=[5, 6, 10, 14] start_delay=25
2026-04-19 13:55:51,320 [INFO] R6: 6\u219213 path=[6, 5, 9, 13] start_delay=30
2026-04-19 13:55:51,320 [INFO] R7: 7\u219212 path=[7, 6, 5, 9, 8, 12] start_delay=35
2026-04-19 13:55:51,320 [INFO] R8: 8\u219211 path=[8, 9, 10, 11] start_delay=40
2026-04-19 13:55:51,320 [INFO] R9: 9\u219210 path=[9, 10] start_delay=45
2026-04-19 13:55:51,324 [INFO] Step 50: done=3 deadlocks=0
2026-04-19 13:57:04,020 [INFO] Map: 20 nodes, 50 edges
2026-04-19 13:57:04,021 [INFO] R0: 0\u219219 path=[0, 1, 2, 6, 10, 11, 15, 19] start_delay=0
2026-04-19 13:57:04,021 [INFO] R1: 1\u219218 path=[1, 5, 9, 10, 14, 18] start_delay=5
2026-04-19 13:57:04,021 [INFO] R2: 2\u219217 path=[2, 6, 10, 9, 13, 17] start_delay=10
2026-04-19 13:57:04,021 [INFO] R3: 3\u219216 path=[3, 2, 1, 5, 9, 13, 12, 16] start_delay=15
2026-04-19 13:57:04,021 [INFO] R4: 4\u219215 path=[4, 5, 6, 7, 11, 15] start_delay=20
2026-04-19 13:57:04,021 [INFO] R5: 5\u219214 path=[5, 6, 10, 14] start_delay=25
2026-04-19 13:57:04,021 [INFO] R6: 6\u219213 path=[6, 5, 9, 13] start_delay=30
2026-04-19 13:57:04,021 [INFO] R7: 7\u219212 path=[7, 6, 5, 9, 8, 12] start_delay=35
2026-04-19 13:57:04,024 [INFO] Step 50: done=0 deadlocks=0
